<?xml version="1.0" encoding="UTF-8"?>
<!-- Generated by org.testng.reporters.JUnitXMLReporter -->
<testsuite hostname="HJNZL001997" ignored="0" name="FirefoxTest" tests="6" failures="3" timestamp="16 Dec 2021 04:32:17 GMT" time="22.03" errors="0">
  <testcase name="addToCart" time="4.371" classname="testcases.CategoryTest"/>
  <testcase name="productLink" time="1.323" classname="testcases.CategoryTest">
    <failure type="org.openqa.selenium.ElementClickInterceptedException" message="Element &amp;lt;h3&amp;gt; is not clickable at point (207,583) because another element &amp;lt;div class=&amp;quot;loadingoverlay&amp;quot;&amp;gt; obscures it
Build info: version: &amp;apos;4.1.0&amp;apos;, revision: &amp;apos;87802e897b&amp;apos;
System info: host: &amp;apos;HJNZL001997&amp;apos;, ip: &amp;apos;192.168.83.131&amp;apos;, os.name: &amp;apos;Windows 10&amp;apos;, os.arch: &amp;apos;amd64&amp;apos;, os.version: &amp;apos;10.0&amp;apos;, java.version: &amp;apos;1.8.0_92&amp;apos;
Driver info: org.openqa.selenium.firefox.FirefoxDriver
Command: [90aa397d-cf5a-4fb8-8482-e995682dd785, clickElement {id=515e9454-26fd-4247-b880-e825180bdbef}]
Capabilities {acceptInsecureCerts: true, browserName: firefox, browserVersion: 95.0, javascriptEnabled: true, moz:accessibilityChecks: false, moz:buildID: 20211129150630, moz:debuggerAddress: localhost:54653, moz:geckodriverVersion: 0.30.0, moz:headless: false, moz:processID: 20876, moz:profile: C:\Users\aditya_dhaygude\Ap..., moz:shutdownTimeout: 60000, moz:useNonSpecCompliantPointerOrigin: false, moz:webdriverClick: true, pageLoadStrategy: normal, platform: WINDOWS, platformName: WINDOWS, platformVersion: 10.0, proxy: Proxy(), se:cdp: ws://localhost:54653/devtoo..., se:cdpVersion: 85, setWindowRect: true, strictFileInteractability: false, timeouts: {implicit: 0, pageLoad: 300000, script: 30000}, unhandledPromptBehavior: dismiss and notify}
Element: [[FirefoxDriver: firefox on WINDOWS (90aa397d-cf5a-4fb8-8482-e995682dd785)] -&amp;gt; css selector: #productsContainer &amp;gt; .col-md-4:nth-child(1) h3]
Session ID: 90aa397d-cf5a-4fb8-8482-e995682dd785">
      <![CDATA[org.openqa.selenium.ElementClickInterceptedException: Element <h3> is not clickable at point (207,583) because another element <div class="loadingoverlay"> obscures it
Build info: version: '4.1.0', revision: '87802e897b'
System info: host: 'HJNZL001997', ip: '192.168.83.131', os.name: 'Windows 10', os.arch: 'amd64', os.version: '10.0', java.version: '1.8.0_92'
Driver info: org.openqa.selenium.firefox.FirefoxDriver
Command: [90aa397d-cf5a-4fb8-8482-e995682dd785, clickElement {id=515e9454-26fd-4247-b880-e825180bdbef}]
Capabilities {acceptInsecureCerts: true, browserName: firefox, browserVersion: 95.0, javascriptEnabled: true, moz:accessibilityChecks: false, moz:buildID: 20211129150630, moz:debuggerAddress: localhost:54653, moz:geckodriverVersion: 0.30.0, moz:headless: false, moz:processID: 20876, moz:profile: C:\Users\aditya_dhaygude\Ap..., moz:shutdownTimeout: 60000, moz:useNonSpecCompliantPointerOrigin: false, moz:webdriverClick: true, pageLoadStrategy: normal, platform: WINDOWS, platformName: WINDOWS, platformVersion: 10.0, proxy: Proxy(), se:cdp: ws://localhost:54653/devtoo..., se:cdpVersion: 85, setWindowRect: true, strictFileInteractability: false, timeouts: {implicit: 0, pageLoad: 300000, script: 30000}, unhandledPromptBehavior: dismiss and notify}
Element: [[FirefoxDriver: firefox on WINDOWS (90aa397d-cf5a-4fb8-8482-e995682dd785)] -> css selector: #productsContainer > .col-md-4:nth-child(1) h3]
Session ID: 90aa397d-cf5a-4fb8-8482-e995682dd785
	at org.openqa.selenium.remote.codec.w3c.W3CHttpResponseCodec.createException(W3CHttpResponseCodec.java:200)
	at org.openqa.selenium.remote.codec.w3c.W3CHttpResponseCodec.decode(W3CHttpResponseCodec.java:133)
	at org.openqa.selenium.remote.codec.w3c.W3CHttpResponseCodec.decode(W3CHttpResponseCodec.java:53)
	at org.openqa.selenium.remote.HttpCommandExecutor.execute(HttpCommandExecutor.java:184)
	at org.openqa.selenium.remote.service.DriverCommandExecutor.invokeExecute(DriverCommandExecutor.java:164)
	at org.openqa.selenium.remote.service.DriverCommandExecutor.execute(DriverCommandExecutor.java:139)
	at org.openqa.selenium.remote.RemoteWebDriver.execute(RemoteWebDriver.java:559)
	at org.openqa.selenium.remote.RemoteWebElement.execute(RemoteWebElement.java:251)
	at org.openqa.selenium.remote.RemoteWebElement.click(RemoteWebElement.java:77)
	at pages.CategoryPage.clickBtn(CategoryPage.java:61)
	at testcases.CategoryTest.productLink(CategoryTest.java:46)
... Removed 29 stack frames]]>
    </failure>
  </testcase> <!-- productLink -->
  <testcase name="selectCategory" time="1.168" classname="testcases.CategoryTest"/>
  <testcase name="selectCollection" time="1.72" classname="testcases.CategoryTest"/>
  <testcase name="sortByName" time="1.184" classname="testcases.CategoryTest">
    <failure type="org.openqa.selenium.ElementClickInterceptedException" message="Element &amp;lt;select id=&amp;quot;filter&amp;quot; class=&amp;quot;cust-select&amp;quot;&amp;gt; is not clickable at point (235,408) because another element &amp;lt;div class=&amp;quot;loadingoverlay&amp;quot;&amp;gt; obscures it
Build info: version: &amp;apos;4.1.0&amp;apos;, revision: &amp;apos;87802e897b&amp;apos;
System info: host: &amp;apos;HJNZL001997&amp;apos;, ip: &amp;apos;192.168.83.131&amp;apos;, os.name: &amp;apos;Windows 10&amp;apos;, os.arch: &amp;apos;amd64&amp;apos;, os.version: &amp;apos;10.0&amp;apos;, java.version: &amp;apos;1.8.0_92&amp;apos;
Driver info: org.openqa.selenium.firefox.FirefoxDriver
Command: [90aa397d-cf5a-4fb8-8482-e995682dd785, clickElement {id=07e88966-8ee4-4188-abee-f179f46ff54a}]
Capabilities {acceptInsecureCerts: true, browserName: firefox, browserVersion: 95.0, javascriptEnabled: true, moz:accessibilityChecks: false, moz:buildID: 20211129150630, moz:debuggerAddress: localhost:54653, moz:geckodriverVersion: 0.30.0, moz:headless: false, moz:processID: 20876, moz:profile: C:\Users\aditya_dhaygude\Ap..., moz:shutdownTimeout: 60000, moz:useNonSpecCompliantPointerOrigin: false, moz:webdriverClick: true, pageLoadStrategy: normal, platform: WINDOWS, platformName: WINDOWS, platformVersion: 10.0, proxy: Proxy(), se:cdp: ws://localhost:54653/devtoo..., se:cdpVersion: 85, setWindowRect: true, strictFileInteractability: false, timeouts: {implicit: 0, pageLoad: 300000, script: 30000}, unhandledPromptBehavior: dismiss and notify}
Element: [[FirefoxDriver: firefox on WINDOWS (90aa397d-cf5a-4fb8-8482-e995682dd785)] -&amp;gt; xpath: //*[@id=&amp;quot;filter&amp;quot;]]
Session ID: 90aa397d-cf5a-4fb8-8482-e995682dd785">
      <![CDATA[org.openqa.selenium.ElementClickInterceptedException: Element <select id="filter" class="cust-select"> is not clickable at point (235,408) because another element <div class="loadingoverlay"> obscures it
Build info: version: '4.1.0', revision: '87802e897b'
System info: host: 'HJNZL001997', ip: '192.168.83.131', os.name: 'Windows 10', os.arch: 'amd64', os.version: '10.0', java.version: '1.8.0_92'
Driver info: org.openqa.selenium.firefox.FirefoxDriver
Command: [90aa397d-cf5a-4fb8-8482-e995682dd785, clickElement {id=07e88966-8ee4-4188-abee-f179f46ff54a}]
Capabilities {acceptInsecureCerts: true, browserName: firefox, browserVersion: 95.0, javascriptEnabled: true, moz:accessibilityChecks: false, moz:buildID: 20211129150630, moz:debuggerAddress: localhost:54653, moz:geckodriverVersion: 0.30.0, moz:headless: false, moz:processID: 20876, moz:profile: C:\Users\aditya_dhaygude\Ap..., moz:shutdownTimeout: 60000, moz:useNonSpecCompliantPointerOrigin: false, moz:webdriverClick: true, pageLoadStrategy: normal, platform: WINDOWS, platformName: WINDOWS, platformVersion: 10.0, proxy: Proxy(), se:cdp: ws://localhost:54653/devtoo..., se:cdpVersion: 85, setWindowRect: true, strictFileInteractability: false, timeouts: {implicit: 0, pageLoad: 300000, script: 30000}, unhandledPromptBehavior: dismiss and notify}
Element: [[FirefoxDriver: firefox on WINDOWS (90aa397d-cf5a-4fb8-8482-e995682dd785)] -> xpath: //*[@id="filter"]]
Session ID: 90aa397d-cf5a-4fb8-8482-e995682dd785
	at org.openqa.selenium.remote.codec.w3c.W3CHttpResponseCodec.createException(W3CHttpResponseCodec.java:200)
	at org.openqa.selenium.remote.codec.w3c.W3CHttpResponseCodec.decode(W3CHttpResponseCodec.java:133)
	at org.openqa.selenium.remote.codec.w3c.W3CHttpResponseCodec.decode(W3CHttpResponseCodec.java:53)
	at org.openqa.selenium.remote.HttpCommandExecutor.execute(HttpCommandExecutor.java:184)
	at org.openqa.selenium.remote.service.DriverCommandExecutor.invokeExecute(DriverCommandExecutor.java:164)
	at org.openqa.selenium.remote.service.DriverCommandExecutor.execute(DriverCommandExecutor.java:139)
	at org.openqa.selenium.remote.RemoteWebDriver.execute(RemoteWebDriver.java:559)
	at org.openqa.selenium.remote.RemoteWebElement.execute(RemoteWebElement.java:251)
	at org.openqa.selenium.remote.RemoteWebElement.click(RemoteWebElement.java:77)
	at pages.CategoryPage.clickBtn(CategoryPage.java:61)
	at pages.CategoryPage.selectSortByName(CategoryPage.java:112)
	at pages.CategoryPage.sortedElementsByName(CategoryPage.java:121)
	at testcases.CategoryTest.sortByName(CategoryTest.java:80)
... Removed 29 stack frames]]>
    </failure>
  </testcase> <!-- sortByName -->
  <testcase name="sortByPrice" time="1.178" classname="testcases.CategoryTest">
    <failure type="org.openqa.selenium.ElementClickInterceptedException" message="Element &amp;lt;select id=&amp;quot;filter&amp;quot; class=&amp;quot;cust-select&amp;quot;&amp;gt; is not clickable at point (235,408) because another element &amp;lt;div class=&amp;quot;loadingoverlay&amp;quot;&amp;gt; obscures it
Build info: version: &amp;apos;4.1.0&amp;apos;, revision: &amp;apos;87802e897b&amp;apos;
System info: host: &amp;apos;HJNZL001997&amp;apos;, ip: &amp;apos;192.168.83.131&amp;apos;, os.name: &amp;apos;Windows 10&amp;apos;, os.arch: &amp;apos;amd64&amp;apos;, os.version: &amp;apos;10.0&amp;apos;, java.version: &amp;apos;1.8.0_92&amp;apos;
Driver info: org.openqa.selenium.firefox.FirefoxDriver
Command: [90aa397d-cf5a-4fb8-8482-e995682dd785, clickElement {id=895084f8-fe8a-441c-a3b1-bd721df9e34d}]
Capabilities {acceptInsecureCerts: true, browserName: firefox, browserVersion: 95.0, javascriptEnabled: true, moz:accessibilityChecks: false, moz:buildID: 20211129150630, moz:debuggerAddress: localhost:54653, moz:geckodriverVersion: 0.30.0, moz:headless: false, moz:processID: 20876, moz:profile: C:\Users\aditya_dhaygude\Ap..., moz:shutdownTimeout: 60000, moz:useNonSpecCompliantPointerOrigin: false, moz:webdriverClick: true, pageLoadStrategy: normal, platform: WINDOWS, platformName: WINDOWS, platformVersion: 10.0, proxy: Proxy(), se:cdp: ws://localhost:54653/devtoo..., se:cdpVersion: 85, setWindowRect: true, strictFileInteractability: false, timeouts: {implicit: 0, pageLoad: 300000, script: 30000}, unhandledPromptBehavior: dismiss and notify}
Element: [[[[FirefoxDriver: firefox on WINDOWS (90aa397d-cf5a-4fb8-8482-e995682dd785)] -&amp;gt; id: filter]] -&amp;gt; xpath: //option[. = &amp;apos;Price&amp;apos;]]
Session ID: 90aa397d-cf5a-4fb8-8482-e995682dd785">
      <![CDATA[org.openqa.selenium.ElementClickInterceptedException: Element <select id="filter" class="cust-select"> is not clickable at point (235,408) because another element <div class="loadingoverlay"> obscures it
Build info: version: '4.1.0', revision: '87802e897b'
System info: host: 'HJNZL001997', ip: '192.168.83.131', os.name: 'Windows 10', os.arch: 'amd64', os.version: '10.0', java.version: '1.8.0_92'
Driver info: org.openqa.selenium.firefox.FirefoxDriver
Command: [90aa397d-cf5a-4fb8-8482-e995682dd785, clickElement {id=895084f8-fe8a-441c-a3b1-bd721df9e34d}]
Capabilities {acceptInsecureCerts: true, browserName: firefox, browserVersion: 95.0, javascriptEnabled: true, moz:accessibilityChecks: false, moz:buildID: 20211129150630, moz:debuggerAddress: localhost:54653, moz:geckodriverVersion: 0.30.0, moz:headless: false, moz:processID: 20876, moz:profile: C:\Users\aditya_dhaygude\Ap..., moz:shutdownTimeout: 60000, moz:useNonSpecCompliantPointerOrigin: false, moz:webdriverClick: true, pageLoadStrategy: normal, platform: WINDOWS, platformName: WINDOWS, platformVersion: 10.0, proxy: Proxy(), se:cdp: ws://localhost:54653/devtoo..., se:cdpVersion: 85, setWindowRect: true, strictFileInteractability: false, timeouts: {implicit: 0, pageLoad: 300000, script: 30000}, unhandledPromptBehavior: dismiss and notify}
Element: [[[[FirefoxDriver: firefox on WINDOWS (90aa397d-cf5a-4fb8-8482-e995682dd785)] -> id: filter]] -> xpath: //option[. = 'Price']]
Session ID: 90aa397d-cf5a-4fb8-8482-e995682dd785
	at org.openqa.selenium.remote.codec.w3c.W3CHttpResponseCodec.createException(W3CHttpResponseCodec.java:200)
	at org.openqa.selenium.remote.codec.w3c.W3CHttpResponseCodec.decode(W3CHttpResponseCodec.java:133)
	at org.openqa.selenium.remote.codec.w3c.W3CHttpResponseCodec.decode(W3CHttpResponseCodec.java:53)
	at org.openqa.selenium.remote.HttpCommandExecutor.execute(HttpCommandExecutor.java:184)
	at org.openqa.selenium.remote.service.DriverCommandExecutor.invokeExecute(DriverCommandExecutor.java:164)
	at org.openqa.selenium.remote.service.DriverCommandExecutor.execute(DriverCommandExecutor.java:139)
	at org.openqa.selenium.remote.RemoteWebDriver.execute(RemoteWebDriver.java:559)
	at org.openqa.selenium.remote.RemoteWebElement.execute(RemoteWebElement.java:251)
	at org.openqa.selenium.remote.RemoteWebElement.click(RemoteWebElement.java:77)
	at pages.CategoryPage.selectSortByPrice(CategoryPage.java:137)
	at pages.CategoryPage.sortedElementsByPrice(CategoryPage.java:144)
	at testcases.CategoryTest.sortByPrice(CategoryTest.java:92)
... Removed 29 stack frames]]>
    </failure>
  </testcase> <!-- sortByPrice -->
</testsuite> <!-- FirefoxTest -->
