<?xml version="1.0" encoding="UTF-8"?>
<testng-results skipped="0" failed="0" ignored="0" total="1" passed="1">
  <reporter-output>
  </reporter-output>
  <suite name="Default suite" duration-ms="2202" started-at="2021-12-01T10:06:33Z" finished-at="2021-12-01T10:06:35Z">
    <groups>
    </groups>
    <test name="Default test" duration-ms="2202" started-at="2021-12-01T10:06:33Z" finished-at="2021-12-01T10:06:35Z">
      <class name="homepage.Language">
        <test-method status="PASS" signature="beforeSuite()[pri:0, instance:homepage.Language@73ad2d6]" name="beforeSuite" is-config="true" duration-ms="22285" started-at="2021-12-01T15:36:11Z" finished-at="2021-12-01T15:36:33Z">
          <reporter-output>
          </reporter-output>
        </test-method> <!-- beforeSuite -->
        <test-method status="PASS" signature="beforeTest()[pri:0, instance:homepage.Language@73ad2d6]" name="beforeTest" is-config="true" duration-ms="0" started-at="2021-12-01T15:36:33Z" finished-at="2021-12-01T15:36:33Z">
          <reporter-output>
          </reporter-output>
        </test-method> <!-- beforeTest -->
        <test-method status="PASS" signature="beforeClass()[pri:0, instance:homepage.Language@73ad2d6]" name="beforeClass" is-config="true" duration-ms="0" started-at="2021-12-01T15:36:33Z" finished-at="2021-12-01T15:36:33Z">
          <reporter-output>
          </reporter-output>
        </test-method> <!-- beforeClass -->
        <test-method status="PASS" signature="beforeMethod()[pri:0, instance:homepage.Language@73ad2d6]" name="beforeMethod" is-config="true" duration-ms="1" started-at="2021-12-01T15:36:33Z" finished-at="2021-12-01T15:36:33Z">
          <reporter-output>
          </reporter-output>
        </test-method> <!-- beforeMethod -->
        <test-method status="PASS" signature="f()[pri:0, instance:homepage.Language@73ad2d6]" name="f" duration-ms="2163" started-at="2021-12-01T15:36:33Z" finished-at="2021-12-01T15:36:35Z">
          <reporter-output>
          </reporter-output>
        </test-method> <!-- f -->
        <test-method status="PASS" signature="afterMethod()[pri:0, instance:homepage.Language@73ad2d6]" name="afterMethod" is-config="true" duration-ms="1" started-at="2021-12-01T15:36:35Z" finished-at="2021-12-01T15:36:35Z">
          <reporter-output>
          </reporter-output>
        </test-method> <!-- afterMethod -->
        <test-method status="PASS" signature="afterClass()[pri:0, instance:homepage.Language@73ad2d6]" name="afterClass" is-config="true" duration-ms="0" started-at="2021-12-01T15:36:35Z" finished-at="2021-12-01T15:36:35Z">
          <reporter-output>
          </reporter-output>
        </test-method> <!-- afterClass -->
        <test-method status="PASS" signature="afterTest()[pri:0, instance:homepage.Language@73ad2d6]" name="afterTest" is-config="true" duration-ms="1" started-at="2021-12-01T15:36:35Z" finished-at="2021-12-01T15:36:35Z">
          <reporter-output>
          </reporter-output>
        </test-method> <!-- afterTest -->
        <test-method status="PASS" signature="afterSuite()[pri:0, instance:homepage.Language@73ad2d6]" name="afterSuite" is-config="true" duration-ms="1" started-at="2021-12-01T15:36:35Z" finished-at="2021-12-01T15:36:35Z">
          <reporter-output>
          </reporter-output>
        </test-method> <!-- afterSuite -->
      </class> <!-- homepage.Language -->
    </test> <!-- Default test -->
  </suite> <!-- Default suite -->
</testng-results>
