<?xml version="1.0" encoding="UTF-8"?>
<!-- Generated by org.testng.reporters.JUnitXMLReporter -->
<testsuite hostname="HJNZL001997" ignored="0" name="ChromeTest" tests="8" failures="0" timestamp="15 Dec 2021 09:16:46 GMT" time="5.026" errors="0">
  <testcase name="@BeforeClass setup" time="4.973" classname="pages.BaseClass">
    <failure type="java.lang.NullPointerException">
      <![CDATA[java.lang.NullPointerException
	at pages.HomePage.<init>(HomePage.java:74)
	at pages.BaseClass.setup(BaseClass.java:67)
... Removed 25 stack frames]]>
    </failure>
  </testcase> <!-- @BeforeClass setup -->
  <testcase name="@AfterClass teardown" time="0.0" classname="pages.BaseClass">
    <skipped/>
  </testcase> <!-- @AfterClass teardown -->
  <testcase name="@BeforeClass setup" time="0.0" classname="pages.BaseClass">
    <skipped/>
  </testcase> <!-- @BeforeClass setup -->
  <testcase name="@AfterClass teardown" time="0.0" classname="pages.BaseClass">
    <skipped/>
  </testcase> <!-- @AfterClass teardown -->
  <testcase name="TC1_verifyAllFieldsPresent" time="0.0" classname="testcases.RegistrationTest">
    <skipped/>
  </testcase> <!-- TC1_verifyAllFieldsPresent -->
  <testcase name="TC5_verifyTabFunctionality" time="0.0" classname="testcases.RegistrationTest">
    <skipped/>
  </testcase> <!-- TC5_verifyTabFunctionality -->
  <testcase name="TC6_registerWithoutData" time="0.0" classname="testcases.RegistrationTest">
    <skipped/>
  </testcase> <!-- TC6_registerWithoutData -->
  <testcase name="TC1_modifyQuantity" time="0.0" classname="testcases.CartTest">
    <skipped/>
  </testcase> <!-- TC1_modifyQuantity -->
  <testcase name="TC2_checkRecalculateButton" time="0.0" classname="testcases.CartTest">
    <skipped/>
  </testcase> <!-- TC2_checkRecalculateButton -->
  <testcase name="TC3_cancelItem" time="0.0" classname="testcases.CartTest">
    <skipped/>
  </testcase> <!-- TC3_cancelItem -->
  <testcase name="TC4_checkContinueShopping" time="0.0" classname="testcases.CartTest">
    <skipped/>
  </testcase> <!-- TC4_checkContinueShopping -->
  <testcase name="TC5_orderConfirmCheckout" time="0.0" classname="testcases.CartTest">
    <skipped/>
  </testcase> <!-- TC5_orderConfirmCheckout -->
</testsuite> <!-- ChromeTest -->
